  [1m[35m (0.5ms)[0m  [1m[35mCREATE TABLE "schema_migrations" ("version" varchar NOT NULL PRIMARY KEY) /*application='Demo'*/[0m
  [1m[35m (0.1ms)[0m  [1m[35mCREATE TABLE "ar_internal_metadata" ("key" varchar NOT NULL PRIMARY KEY, "value" varchar, "created_at" datetime(6) NOT NULL, "updated_at" datetime(6) NOT NULL) /*application='Demo'*/[0m
  [1m[36mActiveRecord::InternalMetadata Load (0.2ms)[0m  [1m[34mSELECT * FROM "ar_internal_metadata" WHERE "ar_internal_metadata"."key" = 'environment' ORDER BY "ar_internal_metadata"."key" ASC LIMIT 1 /*application='Demo'*/[0m
  [1m[36mActiveRecord::InternalMetadata Create (0.2ms)[0m  [1m[32mINSERT INTO "ar_internal_metadata" ("key", "value", "created_at", "updated_at") VALUES ('environment', 'development', '2026-07-10 17:18:12.454505', '2026-07-10 17:18:12.454508') RETURNING "key" /*application='Demo'*/[0m
  [1m[36mActiveRecord::SchemaMigration Load (0.1ms)[0m  [1m[34mSELECT "schema_migrations"."version" FROM "schema_migrations" ORDER BY "schema_migrations"."version" ASC /*application='Demo'*/[0m
Migrating to CreateUsers (20260710171351)
  [1m[36mTRANSACTION (0.0ms)[0m  [1m[35mBEGIN immediate TRANSACTION /*application='Demo'*/[0m
  [1m[35m (1.3ms)[0m  [1m[35mCREATE TABLE "users" ("id" integer PRIMARY KEY AUTOINCREMENT NOT NULL, "email_address" varchar NOT NULL, "password_digest" varchar NOT NULL, "created_at" datetime(6) NOT NULL, "updated_at" datetime(6) NOT NULL) /*application='Demo'*/[0m
  [1m[35m (0.1ms)[0m  [1m[35mCREATE UNIQUE INDEX "index_users_on_email_address" ON "users" ("email_address") /*application='Demo'*/[0m
  [1m[36mActiveRecord::SchemaMigration Create (0.1ms)[0m  [1m[32mINSERT INTO "schema_migrations" ("version") VALUES ('20260710171351') RETURNING "version" /*application='Demo'*/[0m
  [1m[36mTRANSACTION (0.1ms)[0m  [1m[35mCOMMIT TRANSACTION /*application='Demo'*/[0m
  [1m[36mActiveRecord::InternalMetadata Load (0.1ms)[0m  [1m[34mSELECT * FROM "ar_internal_metadata" WHERE "ar_internal_metadata"."key" = 'environment' ORDER BY "ar_internal_metadata"."key" ASC LIMIT 1 /*application='Demo'*/[0m
  [1m[36mActiveRecord::SchemaMigration Load (0.0ms)[0m  [1m[34mSELECT "schema_migrations"."version" FROM "schema_migrations" ORDER BY "schema_migrations"."version" ASC /*application='Demo'*/[0m
Migrating to CreateSessions (20260710171353)
  [1m[36mTRANSACTION (0.1ms)[0m  [1m[35mBEGIN immediate TRANSACTION /*application='Demo'*/[0m
  [1m[35m (0.7ms)[0m  [1m[35mCREATE TABLE "sessions" ("id" integer PRIMARY KEY AUTOINCREMENT NOT NULL, "user_id" integer NOT NULL, "ip_address" varchar, "user_agent" varchar, "created_at" datetime(6) NOT NULL, "updated_at" datetime(6) NOT NULL, CONSTRAINT "fk_rails_758836b4f0"
FOREIGN KEY ("user_id")
  REFERENCES "users" ("id")
) /*application='Demo'*/[0m
  [1m[35m (0.1ms)[0m  [1m[35mCREATE INDEX "index_sessions_on_user_id" ON "sessions" ("user_id") /*application='Demo'*/[0m
  [1m[36mActiveRecord::SchemaMigration Create (0.0ms)[0m  [1m[32mINSERT INTO "schema_migrations" ("version") VALUES ('20260710171353') RETURNING "version" /*application='Demo'*/[0m
  [1m[36mTRANSACTION (0.1ms)[0m  [1m[35mCOMMIT TRANSACTION /*application='Demo'*/[0m
  [1m[36mActiveRecord::InternalMetadata Load (0.0ms)[0m  [1m[34mSELECT * FROM "ar_internal_metadata" WHERE "ar_internal_metadata"."key" = 'environment' ORDER BY "ar_internal_metadata"."key" ASC LIMIT 1 /*application='Demo'*/[0m
  [1m[36mActiveRecord::SchemaMigration Load (0.0ms)[0m  [1m[34mSELECT "schema_migrations"."version" FROM "schema_migrations" ORDER BY "schema_migrations"."version" ASC /*application='Demo'*/[0m
Migrating to CreateCurrentScopeTables (20260710171417)
  [1m[36mTRANSACTION (0.0ms)[0m  [1m[35mBEGIN immediate TRANSACTION /*application='Demo'*/[0m
  [1m[35m (0.7ms)[0m  [1m[35mCREATE TABLE "current_scope_roles" ("id" integer PRIMARY KEY AUTOINCREMENT NOT NULL, "name" varchar NOT NULL, "full_access" boolean DEFAULT FALSE NOT NULL, "created_at" datetime(6) NOT NULL, "updated_at" datetime(6) NOT NULL) /*application='Demo'*/[0m
  [1m[35m (0.1ms)[0m  [1m[35mCREATE UNIQUE INDEX "index_current_scope_roles_on_name" ON "current_scope_roles" ("name") /*application='Demo'*/[0m
  [1m[35m (0.1ms)[0m  [1m[35mCREATE TABLE "current_scope_role_permissions" ("id" integer PRIMARY KEY AUTOINCREMENT NOT NULL, "role_id" integer NOT NULL, "permission_key" varchar NOT NULL, CONSTRAINT "fk_rails_e35086aa0b"
FOREIGN KEY ("role_id")
  REFERENCES "current_scope_roles" ("id")
) /*application='Demo'*/[0m
  [1m[35m (0.1ms)[0m  [1m[35mCREATE INDEX "index_current_scope_role_permissions_on_role_id" ON "current_scope_role_permissions" ("role_id") /*application='Demo'*/[0m
  [1m[35m (0.0ms)[0m  [1m[35mCREATE UNIQUE INDEX "idx_on_role_id_permission_key_5fd185cc5b" ON "current_scope_role_permissions" ("role_id", "permission_key") /*application='Demo'*/[0m
  [1m[35m (0.1ms)[0m  [1m[35mCREATE TABLE "current_scope_role_assignments" ("id" integer PRIMARY KEY AUTOINCREMENT NOT NULL, "subject_type" varchar NOT NULL, "subject_id" integer NOT NULL, "role_id" integer NOT NULL, "created_at" datetime(6) NOT NULL, "updated_at" datetime(6) NOT NULL, CONSTRAINT "fk_rails_623c16c99d"
FOREIGN KEY ("role_id")
  REFERENCES "current_scope_roles" ("id")
) /*application='Demo'*/[0m
  [1m[35m (0.4ms)[0m  [1m[35mCREATE UNIQUE INDEX "index_current_scope_one_role_per_subject" ON "current_scope_role_assignments" ("subject_type", "subject_id") /*application='Demo'*/[0m
  [1m[35m (0.3ms)[0m  [1m[35mCREATE INDEX "index_current_scope_role_assignments_on_role_id" ON "current_scope_role_assignments" ("role_id") /*application='Demo'*/[0m
  [1m[35m (0.6ms)[0m  [1m[35mCREATE TABLE "current_scope_scoped_role_assignments" ("id" integer PRIMARY KEY AUTOINCREMENT NOT NULL, "subject_type" varchar NOT NULL, "subject_id" integer NOT NULL, "role_id" integer NOT NULL, "resource_type" varchar NOT NULL, "resource_id" integer NOT NULL, "created_at" datetime(6) NOT NULL, "updated_at" datetime(6) NOT NULL, CONSTRAINT "fk_rails_6eb2be1a5e"
FOREIGN KEY ("role_id")
  REFERENCES "current_scope_roles" ("id")
) /*application='Demo'*/[0m
  [1m[35m (0.2ms)[0m  [1m[35mCREATE INDEX "index_current_scope_scoped_role_assignments_on_subject" ON "current_scope_scoped_role_assignments" ("subject_type", "subject_id") /*application='Demo'*/[0m
  [1m[35m (0.1ms)[0m  [1m[35mCREATE INDEX "index_current_scope_scoped_role_assignments_on_role_id" ON "current_scope_scoped_role_assignments" ("role_id") /*application='Demo'*/[0m
  [1m[35m (0.1ms)[0m  [1m[35mCREATE INDEX "index_current_scope_scoped_role_assignments_on_resource" ON "current_scope_scoped_role_assignments" ("resource_type", "resource_id") /*application='Demo'*/[0m
  [1m[35m (0.1ms)[0m  [1m[35mCREATE UNIQUE INDEX "index_current_scope_unique_scoped_assignment" ON "current_scope_scoped_role_assignments" ("subject_type", "subject_id", "resource_type", "resource_id", "role_id") /*application='Demo'*/[0m
  [1m[36mActiveRecord::SchemaMigration Create (0.1ms)[0m  [1m[32mINSERT INTO "schema_migrations" ("version") VALUES ('20260710171417') RETURNING "version" /*application='Demo'*/[0m
  [1m[36mTRANSACTION (0.2ms)[0m  [1m[35mCOMMIT TRANSACTION /*application='Demo'*/[0m
  [1m[36mActiveRecord::InternalMetadata Load (0.0ms)[0m  [1m[34mSELECT * FROM "ar_internal_metadata" WHERE "ar_internal_metadata"."key" = 'environment' ORDER BY "ar_internal_metadata"."key" ASC LIMIT 1 /*application='Demo'*/[0m
  [1m[36mActiveRecord::SchemaMigration Load (0.0ms)[0m  [1m[34mSELECT "schema_migrations"."version" FROM "schema_migrations" ORDER BY "schema_migrations"."version" ASC /*application='Demo'*/[0m
Migrating to CreateProjects (20260710171442)
  [1m[36mTRANSACTION (0.0ms)[0m  [1m[35mBEGIN immediate TRANSACTION /*application='Demo'*/[0m
  [1m[35m (0.7ms)[0m  [1m[35mCREATE TABLE "projects" ("id" integer PRIMARY KEY AUTOINCREMENT NOT NULL, "name" varchar, "created_at" datetime(6) NOT NULL, "updated_at" datetime(6) NOT NULL) /*application='Demo'*/[0m
  [1m[36mActiveRecord::SchemaMigration Create (0.1ms)[0m  [1m[32mINSERT INTO "schema_migrations" ("version") VALUES ('20260710171442') RETURNING "version" /*application='Demo'*/[0m
  [1m[36mTRANSACTION (0.1ms)[0m  [1m[35mCOMMIT TRANSACTION /*application='Demo'*/[0m
  [1m[36mActiveRecord::InternalMetadata Load (0.0ms)[0m  [1m[34mSELECT * FROM "ar_internal_metadata" WHERE "ar_internal_metadata"."key" = 'environment' ORDER BY "ar_internal_metadata"."key" ASC LIMIT 1 /*application='Demo'*/[0m
  [1m[36mActiveRecord::SchemaMigration Load (0.0ms)[0m  [1m[34mSELECT "schema_migrations"."version" FROM "schema_migrations" ORDER BY "schema_migrations"."version" ASC /*application='Demo'*/[0m
Migrating to CreateReports (20260710171443)
  [1m[36mTRANSACTION (0.0ms)[0m  [1m[35mBEGIN immediate TRANSACTION /*application='Demo'*/[0m
  [1m[35m (12.3ms)[0m  [1m[35mCREATE TABLE "reports" ("id" integer PRIMARY KEY AUTOINCREMENT NOT NULL, "title" varchar NOT NULL, "project_id" integer NOT NULL, "requested_by_id" integer NOT NULL, "approved_by_id" integer, "approved_at" datetime(6), "created_at" datetime(6) NOT NULL, "updated_at" datetime(6) NOT NULL, CONSTRAINT "fk_rails_9a0a9c9bec"
FOREIGN KEY ("project_id")
  REFERENCES "projects" ("id")
, CONSTRAINT "fk_rails_9e9c679e9e"
FOREIGN KEY ("requested_by_id")
  REFERENCES "users" ("id")
, CONSTRAINT "fk_rails_0209969b2c"
FOREIGN KEY ("approved_by_id")
  REFERENCES "users" ("id")
) /*application='Demo'*/[0m
  [1m[35m (0.1ms)[0m  [1m[35mCREATE INDEX "index_reports_on_project_id" ON "reports" ("project_id") /*application='Demo'*/[0m
  [1m[35m (0.0ms)[0m  [1m[35mCREATE INDEX "index_reports_on_requested_by_id" ON "reports" ("requested_by_id") /*application='Demo'*/[0m
  [1m[35m (0.0ms)[0m  [1m[35mCREATE INDEX "index_reports_on_approved_by_id" ON "reports" ("approved_by_id") /*application='Demo'*/[0m
  [1m[36mActiveRecord::SchemaMigration Create (0.1ms)[0m  [1m[32mINSERT INTO "schema_migrations" ("version") VALUES ('20260710171443') RETURNING "version" /*application='Demo'*/[0m
  [1m[36mTRANSACTION (0.1ms)[0m  [1m[35mCOMMIT TRANSACTION /*application='Demo'*/[0m
  [1m[35m (0.2ms)[0m  [1m[35mCREATE TABLE "schema_migrations" ("version" varchar NOT NULL PRIMARY KEY) /*application='Demo'*/[0m
  [1m[35m (0.1ms)[0m  [1m[35mCREATE TABLE "ar_internal_metadata" ("key" varchar NOT NULL PRIMARY KEY, "value" varchar, "created_at" datetime(6) NOT NULL, "updated_at" datetime(6) NOT NULL) /*application='Demo'*/[0m
  [1m[36mActiveRecord::InternalMetadata Load (0.0ms)[0m  [1m[34mSELECT * FROM "ar_internal_metadata" WHERE "ar_internal_metadata"."key" = 'environment' ORDER BY "ar_internal_metadata"."key" ASC LIMIT 1 /*application='Demo'*/[0m
  [1m[36mActiveRecord::InternalMetadata Create (0.1ms)[0m  [1m[32mINSERT INTO "ar_internal_metadata" ("key", "value", "created_at", "updated_at") VALUES ('environment', 'test', '2026-07-10 17:18:12.519420', '2026-07-10 17:18:12.519423') RETURNING "key" /*application='Demo'*/[0m
  [1m[36mActiveRecord::SchemaMigration Load (0.0ms)[0m  [1m[34mSELECT "schema_migrations"."version" FROM "schema_migrations" ORDER BY "schema_migrations"."version" ASC /*application='Demo'*/[0m
Migrating to CreateUsers (20260710171351)
  [1m[36mTRANSACTION (0.0ms)[0m  [1m[35mBEGIN immediate TRANSACTION /*application='Demo'*/[0m
  [1m[35m (0.6ms)[0m  [1m[35mCREATE TABLE "users" ("id" integer PRIMARY KEY AUTOINCREMENT NOT NULL, "email_address" varchar NOT NULL, "password_digest" varchar NOT NULL, "created_at" datetime(6) NOT NULL, "updated_at" datetime(6) NOT NULL) /*application='Demo'*/[0m
  [1m[35m (0.1ms)[0m  [1m[35mCREATE UNIQUE INDEX "index_users_on_email_address" ON "users" ("email_address") /*application='Demo'*/[0m
  [1m[36mActiveRecord::SchemaMigration Create (0.1ms)[0m  [1m[32mINSERT INTO "schema_migrations" ("version") VALUES ('20260710171351') RETURNING "version" /*application='Demo'*/[0m
  [1m[36mTRANSACTION (0.1ms)[0m  [1m[35mCOMMIT TRANSACTION /*application='Demo'*/[0m
  [1m[36mActiveRecord::InternalMetadata Load (0.1ms)[0m  [1m[34mSELECT * FROM "ar_internal_metadata" WHERE "ar_internal_metadata"."key" = 'environment' ORDER BY "ar_internal_metadata"."key" ASC LIMIT 1 /*application='Demo'*/[0m
  [1m[36mActiveRecord::SchemaMigration Load (0.1ms)[0m  [1m[34mSELECT "schema_migrations"."version" FROM "schema_migrations" ORDER BY "schema_migrations"."version" ASC /*application='Demo'*/[0m
Migrating to CreateSessions (20260710171353)
  [1m[36mTRANSACTION (0.2ms)[0m  [1m[35mBEGIN immediate TRANSACTION /*application='Demo'*/[0m
  [1m[35m (1.6ms)[0m  [1m[35mCREATE TABLE "sessions" ("id" integer PRIMARY KEY AUTOINCREMENT NOT NULL, "user_id" integer NOT NULL, "ip_address" varchar, "user_agent" varchar, "created_at" datetime(6) NOT NULL, "updated_at" datetime(6) NOT NULL, CONSTRAINT "fk_rails_758836b4f0"
FOREIGN KEY ("user_id")
  REFERENCES "users" ("id")
) /*application='Demo'*/[0m
  [1m[35m (0.1ms)[0m  [1m[35mCREATE INDEX "index_sessions_on_user_id" ON "sessions" ("user_id") /*application='Demo'*/[0m
  [1m[36mActiveRecord::SchemaMigration Create (0.2ms)[0m  [1m[32mINSERT INTO "schema_migrations" ("version") VALUES ('20260710171353') RETURNING "version" /*application='Demo'*/[0m
  [1m[36mTRANSACTION (0.2ms)[0m  [1m[35mCOMMIT TRANSACTION /*application='Demo'*/[0m
  [1m[36mActiveRecord::InternalMetadata Load (0.0ms)[0m  [1m[34mSELECT * FROM "ar_internal_metadata" WHERE "ar_internal_metadata"."key" = 'environment' ORDER BY "ar_internal_metadata"."key" ASC LIMIT 1 /*application='Demo'*/[0m
  [1m[36mActiveRecord::SchemaMigration Load (0.0ms)[0m  [1m[34mSELECT "schema_migrations"."version" FROM "schema_migrations" ORDER BY "schema_migrations"."version" ASC /*application='Demo'*/[0m
Migrating to CreateCurrentScopeTables (20260710171417)
  [1m[36mTRANSACTION (0.0ms)[0m  [1m[35mBEGIN immediate TRANSACTION /*application='Demo'*/[0m
  [1m[35m (0.5ms)[0m  [1m[35mCREATE TABLE "current_scope_roles" ("id" integer PRIMARY KEY AUTOINCREMENT NOT NULL, "name" varchar NOT NULL, "full_access" boolean DEFAULT FALSE NOT NULL, "created_at" datetime(6) NOT NULL, "updated_at" datetime(6) NOT NULL) /*application='Demo'*/[0m
  [1m[35m (0.0ms)[0m  [1m[35mCREATE UNIQUE INDEX "index_current_scope_roles_on_name" ON "current_scope_roles" ("name") /*application='Demo'*/[0m
  [1m[35m (0.1ms)[0m  [1m[35mCREATE TABLE "current_scope_role_permissions" ("id" integer PRIMARY KEY AUTOINCREMENT NOT NULL, "role_id" integer NOT NULL, "permission_key" varchar NOT NULL, CONSTRAINT "fk_rails_e35086aa0b"
FOREIGN KEY ("role_id")
  REFERENCES "current_scope_roles" ("id")
) /*application='Demo'*/[0m
  [1m[35m (0.1ms)[0m  [1m[35mCREATE INDEX "index_current_scope_role_permissions_on_role_id" ON "current_scope_role_permissions" ("role_id") /*application='Demo'*/[0m
  [1m[35m (0.0ms)[0m  [1m[35mCREATE UNIQUE INDEX "idx_on_role_id_permission_key_5fd185cc5b" ON "current_scope_role_permissions" ("role_id", "permission_key") /*application='Demo'*/[0m
  [1m[35m (0.1ms)[0m  [1m[35mCREATE TABLE "current_scope_role_assignments" ("id" integer PRIMARY KEY AUTOINCREMENT NOT NULL, "subject_type" varchar NOT NULL, "subject_id" integer NOT NULL, "role_id" integer NOT NULL, "created_at" datetime(6) NOT NULL, "updated_at" datetime(6) NOT NULL, CONSTRAINT "fk_rails_623c16c99d"
FOREIGN KEY ("role_id")
  REFERENCES "current_scope_roles" ("id")
) /*application='Demo'*/[0m
  [1m[35m (0.0ms)[0m  [1m[35mCREATE UNIQUE INDEX "index_current_scope_one_role_per_subject" ON "current_scope_role_assignments" ("subject_type", "subject_id") /*application='Demo'*/[0m
  [1m[35m (0.0ms)[0m  [1m[35mCREATE INDEX "index_current_scope_role_assignments_on_role_id" ON "current_scope_role_assignments" ("role_id") /*application='Demo'*/[0m
  [1m[35m (0.2ms)[0m  [1m[35mCREATE TABLE "current_scope_scoped_role_assignments" ("id" integer PRIMARY KEY AUTOINCREMENT NOT NULL, "subject_type" varchar NOT NULL, "subject_id" integer NOT NULL, "role_id" integer NOT NULL, "resource_type" varchar NOT NULL, "resource_id" integer NOT NULL, "created_at" datetime(6) NOT NULL, "updated_at" datetime(6) NOT NULL, CONSTRAINT "fk_rails_6eb2be1a5e"
FOREIGN KEY ("role_id")
  REFERENCES "current_scope_roles" ("id")
) /*application='Demo'*/[0m
  [1m[35m (0.1ms)[0m  [1m[35mCREATE INDEX "index_current_scope_scoped_role_assignments_on_subject" ON "current_scope_scoped_role_assignments" ("subject_type", "subject_id") /*application='Demo'*/[0m
  [1m[35m (0.0ms)[0m  [1m[35mCREATE INDEX "index_current_scope_scoped_role_assignments_on_role_id" ON "current_scope_scoped_role_assignments" ("role_id") /*application='Demo'*/[0m
  [1m[35m (0.0ms)[0m  [1m[35mCREATE INDEX "index_current_scope_scoped_role_assignments_on_resource" ON "current_scope_scoped_role_assignments" ("resource_type", "resource_id") /*application='Demo'*/[0m
  [1m[35m (0.0ms)[0m  [1m[35mCREATE UNIQUE INDEX "index_current_scope_unique_scoped_assignment" ON "current_scope_scoped_role_assignments" ("subject_type", "subject_id", "resource_type", "resource_id", "role_id") /*application='Demo'*/[0m
  [1m[36mActiveRecord::SchemaMigration Create (0.1ms)[0m  [1m[32mINSERT INTO "schema_migrations" ("version") VALUES ('20260710171417') RETURNING "version" /*application='Demo'*/[0m
  [1m[36mTRANSACTION (0.3ms)[0m  [1m[35mCOMMIT TRANSACTION /*application='Demo'*/[0m
  [1m[36mActiveRecord::InternalMetadata Load (0.1ms)[0m  [1m[34mSELECT * FROM "ar_internal_metadata" WHERE "ar_internal_metadata"."key" = 'environment' ORDER BY "ar_internal_metadata"."key" ASC LIMIT 1 /*application='Demo'*/[0m
  [1m[36mActiveRecord::SchemaMigration Load (0.1ms)[0m  [1m[34mSELECT "schema_migrations"."version" FROM "schema_migrations" ORDER BY "schema_migrations"."version" ASC /*application='Demo'*/[0m
Migrating to CreateProjects (20260710171442)
  [1m[36mTRANSACTION (0.0ms)[0m  [1m[35mBEGIN immediate TRANSACTION /*application='Demo'*/[0m
  [1m[35m (1.0ms)[0m  [1m[35mCREATE TABLE "projects" ("id" integer PRIMARY KEY AUTOINCREMENT NOT NULL, "name" varchar, "created_at" datetime(6) NOT NULL, "updated_at" datetime(6) NOT NULL) /*application='Demo'*/[0m
  [1m[36mActiveRecord::SchemaMigration Create (0.1ms)[0m  [1m[32mINSERT INTO "schema_migrations" ("version") VALUES ('20260710171442') RETURNING "version" /*application='Demo'*/[0m
  [1m[36mTRANSACTION (0.3ms)[0m  [1m[35mCOMMIT TRANSACTION /*application='Demo'*/[0m
  [1m[36mActiveRecord::InternalMetadata Load (0.3ms)[0m  [1m[34mSELECT * FROM "ar_internal_metadata" WHERE "ar_internal_metadata"."key" = 'environment' ORDER BY "ar_internal_metadata"."key" ASC LIMIT 1 /*application='Demo'*/[0m
  [1m[36mActiveRecord::SchemaMigration Load (0.1ms)[0m  [1m[34mSELECT "schema_migrations"."version" FROM "schema_migrations" ORDER BY "schema_migrations"."version" ASC /*application='Demo'*/[0m
Migrating to CreateReports (20260710171443)
  [1m[36mTRANSACTION (0.1ms)[0m  [1m[35mBEGIN immediate TRANSACTION /*application='Demo'*/[0m
  [1m[35m (1.3ms)[0m  [1m[35mCREATE TABLE "reports" ("id" integer PRIMARY KEY AUTOINCREMENT NOT NULL, "title" varchar NOT NULL, "project_id" integer NOT NULL, "requested_by_id" integer NOT NULL, "approved_by_id" integer, "approved_at" datetime(6), "created_at" datetime(6) NOT NULL, "updated_at" datetime(6) NOT NULL, CONSTRAINT "fk_rails_9a0a9c9bec"
FOREIGN KEY ("project_id")
  REFERENCES "projects" ("id")
, CONSTRAINT "fk_rails_9e9c679e9e"
FOREIGN KEY ("requested_by_id")
  REFERENCES "users" ("id")
, CONSTRAINT "fk_rails_0209969b2c"
FOREIGN KEY ("approved_by_id")
  REFERENCES "users" ("id")
) /*application='Demo'*/[0m
  [1m[35m (0.1ms)[0m  [1m[35mCREATE INDEX "index_reports_on_project_id" ON "reports" ("project_id") /*application='Demo'*/[0m
  [1m[35m (0.1ms)[0m  [1m[35mCREATE INDEX "index_reports_on_requested_by_id" ON "reports" ("requested_by_id") /*application='Demo'*/[0m
  [1m[35m (0.1ms)[0m  [1m[35mCREATE INDEX "index_reports_on_approved_by_id" ON "reports" ("approved_by_id") /*application='Demo'*/[0m
  [1m[36mActiveRecord::SchemaMigration Create (0.1ms)[0m  [1m[32mINSERT INTO "schema_migrations" ("version") VALUES ('20260710171443') RETURNING "version" /*application='Demo'*/[0m
  [1m[36mTRANSACTION (0.3ms)[0m  [1m[35mCOMMIT TRANSACTION /*application='Demo'*/[0m
  [1m[36mActiveRecord::SchemaMigration Load (0.1ms)[0m  [1m[34mSELECT "schema_migrations"."version" FROM "schema_migrations" ORDER BY "schema_migrations"."version" ASC /*application='Demo'*/[0m
  [1m[36mActiveRecord::SchemaMigration Load (0.0ms)[0m  [1m[34mSELECT "schema_migrations"."version" FROM "schema_migrations" ORDER BY "schema_migrations"."version" ASC /*application='Demo'*/[0m
  [1m[36mUser Load (0.2ms)[0m  [1m[34mSELECT "users".* FROM "users" WHERE "users"."email_address" = 'owner@example.com' LIMIT 1 /*application='Demo'*/[0m
  [1m[36mTRANSACTION (0.1ms)[0m  [1m[35mBEGIN immediate TRANSACTION /*application='Demo'*/[0m
  [1m[36mUser Create (0.1ms)[0m  [1m[32mINSERT INTO "users" ("email_address", "password_digest", "created_at", "updated_at") VALUES ('owner@example.com', '$2a$12$dsPb6RmiArX1zLwIBk0A.uj0rsX0vIOWsHVkBCMIYIToZTrYIYJoW', '2026-07-10 17:18:13.024072', '2026-07-10 17:18:13.024072') RETURNING "id" /*application='Demo'*/[0m
  [1m[36mTRANSACTION (0.4ms)[0m  [1m[35mCOMMIT TRANSACTION /*application='Demo'*/[0m
  [1m[36mUser Load (0.1ms)[0m  [1m[34mSELECT "users".* FROM "users" WHERE "users"."email_address" = 'reviewer@example.com' LIMIT 1 /*application='Demo'*/[0m
  [1m[36mTRANSACTION (0.0ms)[0m  [1m[35mBEGIN immediate TRANSACTION /*application='Demo'*/[0m
  [1m[36mUser Create (0.8ms)[0m  [1m[32mINSERT INTO "users" ("email_address", "password_digest", "created_at", "updated_at") VALUES ('reviewer@example.com', '$2a$12$ATSU1ZYhRRG6nkT/iqoybuvSJ60Km313Dm21Qu71dYza3kLm6.0Zy', '2026-07-10 17:18:13.319853', '2026-07-10 17:18:13.319853') RETURNING "id" /*application='Demo'*/[0m
  [1m[36mTRANSACTION (0.2ms)[0m  [1m[35mCOMMIT TRANSACTION /*application='Demo'*/[0m
  [1m[36mUser Load (0.1ms)[0m  [1m[34mSELECT "users".* FROM "users" WHERE "users"."email_address" = 'member@example.com' LIMIT 1 /*application='Demo'*/[0m
  [1m[36mTRANSACTION (0.1ms)[0m  [1m[35mBEGIN immediate TRANSACTION /*application='Demo'*/[0m
  [1m[36mUser Create (0.9ms)[0m  [1m[32mINSERT INTO "users" ("email_address", "password_digest", "created_at", "updated_at") VALUES ('member@example.com', '$2a$12$hdVlJ.jnUOuLRuSD7/VAZ.OI3zfSap9.8IU7KzcEHz5fLyuo.hQAO', '2026-07-10 17:18:13.594703', '2026-07-10 17:18:13.594703') RETURNING "id" /*application='Demo'*/[0m
  [1m[36mTRANSACTION (0.1ms)[0m  [1m[35mCOMMIT TRANSACTION /*application='Demo'*/[0m
  [1m[36mUser Load (0.1ms)[0m  [1m[34mSELECT "users".* FROM "users" WHERE "users"."email_address" = 'scoped@example.com' LIMIT 1 /*application='Demo'*/[0m
  [1m[36mTRANSACTION (0.1ms)[0m  [1m[35mBEGIN immediate TRANSACTION /*application='Demo'*/[0m
  [1m[36mUser Create (0.9ms)[0m  [1m[32mINSERT INTO "users" ("email_address", "password_digest", "created_at", "updated_at") VALUES ('scoped@example.com', '$2a$12$8MYurPhBUEIYH/YJZ44Ehe0hoZY7YFXqWXwj66MZSwscjxkd2oSGm', '2026-07-10 17:18:13.848262', '2026-07-10 17:18:13.848262') RETURNING "id" /*application='Demo'*/[0m
  [1m[36mTRANSACTION (0.1ms)[0m  [1m[35mCOMMIT TRANSACTION /*application='Demo'*/[0m
  [1m[36mCurrentScope::Role Load (0.0ms)[0m  [1m[34mSELECT "current_scope_roles".* FROM "current_scope_roles" WHERE "current_scope_roles"."name" = 'Owner' LIMIT 1 /*application='Demo'*/[0m
  [1m[36mTRANSACTION (0.0ms)[0m  [1m[35mBEGIN immediate TRANSACTION /*application='Demo'*/[0m
  [1m[36mCurrentScope::Role Exists? (0.1ms)[0m  [1m[34mSELECT 1 AS one FROM "current_scope_roles" WHERE "current_scope_roles"."name" = 'Owner' LIMIT 1 /*application='Demo'*/[0m
  [1m[36mCurrentScope::Role Create (0.1ms)[0m  [1m[32mINSERT INTO "current_scope_roles" ("name", "full_access", "created_at", "updated_at") VALUES ('Owner', TRUE, '2026-07-10 17:18:13.857618', '2026-07-10 17:18:13.857618') RETURNING "id" /*application='Demo'*/[0m
  [1m[36mTRANSACTION (0.2ms)[0m  [1m[35mCOMMIT TRANSACTION /*application='Demo'*/[0m
  [1m[36mCurrentScope::Role Load (0.1ms)[0m  [1m[34mSELECT "current_scope_roles".* FROM "current_scope_roles" WHERE "current_scope_roles"."name" = 'Member' LIMIT 1 /*application='Demo'*/[0m
  [1m[36mTRANSACTION (0.0ms)[0m  [1m[35mBEGIN immediate TRANSACTION /*application='Demo'*/[0m
  [1m[36mCurrentScope::Role Exists? (0.9ms)[0m  [1m[34mSELECT 1 AS one FROM "current_scope_roles" WHERE "current_scope_roles"."name" = 'Member' LIMIT 1 /*application='Demo'*/[0m
  [1m[36mCurrentScope::Role Create (0.1ms)[0m  [1m[32mINSERT INTO "current_scope_roles" ("name", "full_access", "created_at", "updated_at") VALUES ('Member', FALSE, '2026-07-10 17:18:13.872359', '2026-07-10 17:18:13.872359') RETURNING "id" /*application='Demo'*/[0m
  [1m[36mTRANSACTION (0.1ms)[0m  [1m[35mCOMMIT TRANSACTION /*application='Demo'*/[0m
  [1m[36mCurrentScope::Role Load (0.1ms)[0m  [1m[34mSELECT "current_scope_roles".* FROM "current_scope_roles" WHERE "current_scope_roles"."name" = 'Owner' LIMIT 1 /*application='Demo'*/[0m
  [1m[36mCurrentScope::Role Load (0.0ms)[0m  [1m[34mSELECT "current_scope_roles".* FROM "current_scope_roles" WHERE "current_scope_roles"."name" = 'Member' LIMIT 1 /*application='Demo'*/[0m
  [1m[36mTRANSACTION (0.1ms)[0m  [1m[35mBEGIN immediate TRANSACTION /*application='Demo'*/[0m
  [1m[36mCurrentScope::RolePermission Delete All (0.0ms)[0m  [1m[31mDELETE FROM "current_scope_role_permissions" WHERE "current_scope_role_permissions"."role_id" = 2 /*application='Demo'*/[0m
  [1m[36mCurrentScope::RolePermission Bulk Insert (0.1ms)[0m  [1m[32mINSERT INTO "current_scope_role_permissions" ("permission_key","role_id") VALUES ('projects#index', 2), ('projects#show', 2), ('reports#index', 2), ('reports#show', 2), ('reports#new', 2), ('reports#create', 2) ON CONFLICT  DO NOTHING RETURNING "id" /*application='Demo'*/[0m
  [1m[36mTRANSACTION (0.1ms)[0m  [1m[35mCOMMIT TRANSACTION /*application='Demo'*/[0m
  [1m[36mCurrentScope::Role Load (0.0ms)[0m  [1m[34mSELECT "current_scope_roles".* FROM "current_scope_roles" WHERE "current_scope_roles"."name" = 'Reviewer' LIMIT 1 /*application='Demo'*/[0m
  [1m[36mTRANSACTION (0.0ms)[0m  [1m[35mBEGIN immediate TRANSACTION /*application='Demo'*/[0m
  [1m[36mCurrentScope::Role Exists? (0.6ms)[0m  [1m[34mSELECT 1 AS one FROM "current_scope_roles" WHERE "current_scope_roles"."name" = 'Reviewer' LIMIT 1 /*application='Demo'*/[0m
  [1m[36mCurrentScope::Role Create (0.1ms)[0m  [1m[32mINSERT INTO "current_scope_roles" ("name", "full_access", "created_at", "updated_at") VALUES ('Reviewer', FALSE, '2026-07-10 17:18:13.898437', '2026-07-10 17:18:13.898437') RETURNING "id" /*application='Demo'*/[0m
  [1m[36mTRANSACTION (0.0ms)[0m  [1m[35mCOMMIT TRANSACTION /*application='Demo'*/[0m
  [1m[36mCurrentScope::RolePermission Pluck (0.0ms)[0m  [1m[34mSELECT "current_scope_role_permissions"."permission_key" FROM "current_scope_role_permissions" WHERE "current_scope_role_permissions"."role_id" = 2 /*application='Demo'*/[0m
  [1m[36mTRANSACTION (0.0ms)[0m  [1m[35mBEGIN immediate TRANSACTION /*application='Demo'*/[0m
  [1m[36mCurrentScope::RolePermission Delete All (0.4ms)[0m  [1m[31mDELETE FROM "current_scope_role_permissions" WHERE "current_scope_role_permissions"."role_id" = 3 /*application='Demo'*/[0m
  [1m[36mCurrentScope::RolePermission Bulk Insert (0.0ms)[0m  [1m[32mINSERT INTO "current_scope_role_permissions" ("permission_key","role_id") VALUES ('projects#index', 3), ('projects#show', 3), ('reports#create', 3), ('reports#index', 3), ('reports#new', 3), ('reports#show', 3), ('reports#approve', 3) ON CONFLICT  DO NOTHING RETURNING "id" /*application='Demo'*/[0m
  [1m[36mTRANSACTION (0.0ms)[0m  [1m[35mCOMMIT TRANSACTION /*application='Demo'*/[0m
  [1m[36mCurrentScope::Role Load (0.0ms)[0m  [1m[34mSELECT "current_scope_roles".* FROM "current_scope_roles" WHERE "current_scope_roles"."name" = 'Lister' LIMIT 1 /*application='Demo'*/[0m
  [1m[36mTRANSACTION (0.0ms)[0m  [1m[35mBEGIN immediate TRANSACTION /*application='Demo'*/[0m
  [1m[36mCurrentScope::Role Exists? (0.8ms)[0m  [1m[34mSELECT 1 AS one FROM "current_scope_roles" WHERE "current_scope_roles"."name" = 'Lister' LIMIT 1 /*application='Demo'*/[0m
  [1m[36mCurrentScope::Role Create (0.0ms)[0m  [1m[32mINSERT INTO "current_scope_roles" ("name", "full_access", "created_at", "updated_at") VALUES ('Lister', FALSE, '2026-07-10 17:18:13.904282', '2026-07-10 17:18:13.904282') RETURNING "id" /*application='Demo'*/[0m
  [1m[36mTRANSACTION (0.0ms)[0m  [1m[35mCOMMIT TRANSACTION /*application='Demo'*/[0m
  [1m[36mTRANSACTION (0.0ms)[0m  [1m[35mBEGIN immediate TRANSACTION /*application='Demo'*/[0m
  [1m[36mCurrentScope::RolePermission Delete All (0.5ms)[0m  [1m[31mDELETE FROM "current_scope_role_permissions" WHERE "current_scope_role_permissions"."role_id" = 4 /*application='Demo'*/[0m
  [1m[36mCurrentScope::RolePermission Bulk Insert (0.1ms)[0m  [1m[32mINSERT INTO "current_scope_role_permissions" ("permission_key","role_id") VALUES ('projects#index', 4), ('reports#index', 4) ON CONFLICT  DO NOTHING RETURNING "id" /*application='Demo'*/[0m
  [1m[36mTRANSACTION (0.1ms)[0m  [1m[35mCOMMIT TRANSACTION /*application='Demo'*/[0m
  [1m[36mCurrentScope::Role Load (0.1ms)[0m  [1m[34mSELECT "current_scope_roles".* FROM "current_scope_roles" WHERE "current_scope_roles"."name" = 'Viewer' LIMIT 1 /*application='Demo'*/[0m
  [1m[36mTRANSACTION (0.0ms)[0m  [1m[35mBEGIN immediate TRANSACTION /*application='Demo'*/[0m
  [1m[36mCurrentScope::Role Exists? (0.7ms)[0m  [1m[34mSELECT 1 AS one FROM "current_scope_roles" WHERE "current_scope_roles"."name" = 'Viewer' LIMIT 1 /*application='Demo'*/[0m
  [1m[36mCurrentScope::Role Create (0.1ms)[0m  [1m[32mINSERT INTO "current_scope_roles" ("name", "full_access", "created_at", "updated_at") VALUES ('Viewer', FALSE, '2026-07-10 17:18:13.911018', '2026-07-10 17:18:13.911018') RETURNING "id" /*application='Demo'*/[0m
  [1m[36mTRANSACTION (0.1ms)[0m  [1m[35mCOMMIT TRANSACTION /*application='Demo'*/[0m
  [1m[36mTRANSACTION (0.0ms)[0m  [1m[35mBEGIN immediate TRANSACTION /*application='Demo'*/[0m
  [1m[36mCurrentScope::RolePermission Delete All (0.5ms)[0m  [1m[31mDELETE FROM "current_scope_role_permissions" WHERE "current_scope_role_permissions"."role_id" = 5 /*application='Demo'*/[0m
  [1m[36mCurrentScope::RolePermission Insert (0.0ms)[0m  [1m[32mINSERT INTO "current_scope_role_permissions" ("permission_key","role_id") VALUES ('reports#show', 5) ON CONFLICT  DO NOTHING RETURNING "id" /*application='Demo'*/[0m
  [1m[36mTRANSACTION (0.1ms)[0m  [1m[35mCOMMIT TRANSACTION /*application='Demo'*/[0m
  [1m[36mCurrentScope::RoleAssignment Load (0.0ms)[0m  [1m[34mSELECT "current_scope_role_assignments".* FROM "current_scope_role_assignments" WHERE "current_scope_role_assignments"."subject_type" = 'User' AND "current_scope_role_assignments"."subject_id" = 1 LIMIT 1 /*application='Demo'*/[0m
  [1m[36mTRANSACTION (0.0ms)[0m  [1m[35mBEGIN immediate TRANSACTION /*application='Demo'*/[0m
  [1m[36mCurrentScope::RoleAssignment Exists? (0.1ms)[0m  [1m[34mSELECT 1 AS one FROM "current_scope_role_assignments" WHERE "current_scope_role_assignments"."subject_id" = 1 AND "current_scope_role_assignments"."subject_type" = 'User' LIMIT 1 /*application='Demo'*/[0m
  [1m[36mCurrentScope::RoleAssignment Create (0.1ms)[0m  [1m[32mINSERT INTO "current_scope_role_assignments" ("subject_type", "subject_id", "role_id", "created_at", "updated_at") VALUES ('User', 1, 1, '2026-07-10 17:18:13.925378', '2026-07-10 17:18:13.925378') RETURNING "id" /*application='Demo'*/[0m
  [1m[36mTRANSACTION (0.1ms)[0m  [1m[35mCOMMIT TRANSACTION /*application='Demo'*/[0m
  [1m[36mCurrentScope::RoleAssignment Load (0.0ms)[0m  [1m[34mSELECT "current_scope_role_assignments".* FROM "current_scope_role_assignments" WHERE "current_scope_role_assignments"."subject_type" = 'User' AND "current_scope_role_assignments"."subject_id" = 2 LIMIT 1 /*application='Demo'*/[0m
  [1m[36mTRANSACTION (0.0ms)[0m  [1m[35mBEGIN immediate TRANSACTION /*application='Demo'*/[0m
  [1m[36mCurrentScope::RoleAssignment Exists? (0.7ms)[0m  [1m[34mSELECT 1 AS one FROM "current_scope_role_assignments" WHERE "current_scope_role_assignments"."subject_id" = 2 AND "current_scope_role_assignments"."subject_type" = 'User' LIMIT 1 /*application='Demo'*/[0m
  [1m[36mCurrentScope::RoleAssignment Create (0.1ms)[0m  [1m[32mINSERT INTO "current_scope_role_assignments" ("subject_type", "subject_id", "role_id", "created_at", "updated_at") VALUES ('User', 2, 3, '2026-07-10 17:18:13.929055', '2026-07-10 17:18:13.929055') RETURNING "id" /*application='Demo'*/[0m
  [1m[36mTRANSACTION (0.0ms)[0m  [1m[35mCOMMIT TRANSACTION /*application='Demo'*/[0m
  [1m[36mCurrentScope::RoleAssignment Load (0.0ms)[0m  [1m[34mSELECT "current_scope_role_assignments".* FROM "current_scope_role_assignments" WHERE "current_scope_role_assignments"."subject_type" = 'User' AND "current_scope_role_assignments"."subject_id" = 3 LIMIT 1 /*application='Demo'*/[0m
  [1m[36mTRANSACTION (0.0ms)[0m  [1m[35mBEGIN immediate TRANSACTION /*application='Demo'*/[0m
  [1m[36mCurrentScope::RoleAssignment Exists? (0.8ms)[0m  [1m[34mSELECT 1 AS one FROM "current_scope_role_assignments" WHERE "current_scope_role_assignments"."subject_id" = 3 AND "current_scope_role_assignments"."subject_type" = 'User' LIMIT 1 /*application='Demo'*/[0m
  [1m[36mCurrentScope::RoleAssignment Create (0.1ms)[0m  [1m[32mINSERT INTO "current_scope_role_assignments" ("subject_type", "subject_id", "role_id", "created_at", "updated_at") VALUES ('User', 3, 2, '2026-07-10 17:18:13.932694', '2026-07-10 17:18:13.932694') RETURNING "id" /*application='Demo'*/[0m
  [1m[36mTRANSACTION (0.1ms)[0m  [1m[35mCOMMIT TRANSACTION /*application='Demo'*/[0m
  [1m[36mCurrentScope::RoleAssignment Load (0.0ms)[0m  [1m[34mSELECT "current_scope_role_assignments".* FROM "current_scope_role_assignments" WHERE "current_scope_role_assignments"."subject_type" = 'User' AND "current_scope_role_assignments"."subject_id" = 4 LIMIT 1 /*application='Demo'*/[0m
  [1m[36mTRANSACTION (0.0ms)[0m  [1m[35mBEGIN immediate TRANSACTION /*application='Demo'*/[0m
  [1m[36mCurrentScope::RoleAssignment Exists? (0.6ms)[0m  [1m[34mSELECT 1 AS one FROM "current_scope_role_assignments" WHERE "current_scope_role_assignments"."subject_id" = 4 AND "current_scope_role_assignments"."subject_type" = 'User' LIMIT 1 /*application='Demo'*/[0m
  [1m[36mCurrentScope::RoleAssignment Create (0.0ms)[0m  [1m[32mINSERT INTO "current_scope_role_assignments" ("subject_type", "subject_id", "role_id", "created_at", "updated_at") VALUES ('User', 4, 4, '2026-07-10 17:18:13.935835', '2026-07-10 17:18:13.935835') RETURNING "id" /*application='Demo'*/[0m
  [1m[36mTRANSACTION (0.0ms)[0m  [1m[35mCOMMIT TRANSACTION /*application='Demo'*/[0m
  [1m[36mProject Load (0.0ms)[0m  [1m[34mSELECT "projects".* FROM "projects" WHERE "projects"."name" = 'Apollo' LIMIT 1 /*application='Demo'*/[0m
  [1m[36mTRANSACTION (0.0ms)[0m  [1m[35mBEGIN immediate TRANSACTION /*application='Demo'*/[0m
  [1m[36mProject Create (0.1ms)[0m  [1m[32mINSERT INTO "projects" ("name", "created_at", "updated_at") VALUES ('Apollo', '2026-07-10 17:18:13.940169', '2026-07-10 17:18:13.940169') RETURNING "id" /*application='Demo'*/[0m
  [1m[36mTRANSACTION (0.0ms)[0m  [1m[35mCOMMIT TRANSACTION /*application='Demo'*/[0m
  [1m[36mProject Load (0.1ms)[0m  [1m[34mSELECT "projects".* FROM "projects" WHERE "projects"."name" = 'Zephyr' LIMIT 1 /*application='Demo'*/[0m
  [1m[36mTRANSACTION (0.0ms)[0m  [1m[35mBEGIN immediate TRANSACTION /*application='Demo'*/[0m
  [1m[36mProject Create (0.8ms)[0m  [1m[32mINSERT INTO "projects" ("name", "created_at", "updated_at") VALUES ('Zephyr', '2026-07-10 17:18:13.942177', '2026-07-10 17:18:13.942177') RETURNING "id" /*application='Demo'*/[0m
  [1m[36mTRANSACTION (0.0ms)[0m  [1m[35mCOMMIT TRANSACTION /*application='Demo'*/[0m
  [1m[36mReport Load (0.0ms)[0m  [1m[34mSELECT "reports".* FROM "reports" WHERE "reports"."title" = 'Q3 budget' AND "reports"."project_id" = 1 AND "reports"."requested_by_id" = 3 LIMIT 1 /*application='Demo'*/[0m
  [1m[36mTRANSACTION (0.0ms)[0m  [1m[35mBEGIN immediate TRANSACTION /*application='Demo'*/[0m
  [1m[36mReport Create (0.1ms)[0m  [1m[32mINSERT INTO "reports" ("title", "project_id", "requested_by_id", "approved_by_id", "approved_at", "created_at", "updated_at") VALUES ('Q3 budget', 1, 3, NULL, NULL, '2026-07-10 17:18:13.950577', '2026-07-10 17:18:13.950577') RETURNING "id" /*application='Demo'*/[0m
  [1m[36mTRANSACTION (0.1ms)[0m  [1m[35mCOMMIT TRANSACTION /*application='Demo'*/[0m
  [1m[36mReport Load (0.1ms)[0m  [1m[34mSELECT "reports".* FROM "reports" WHERE "reports"."title" = 'Q4 forecast' AND "reports"."project_id" = 1 AND "reports"."requested_by_id" = 2 LIMIT 1 /*application='Demo'*/[0m
  [1m[36mTRANSACTION (0.0ms)[0m  [1m[35mBEGIN immediate TRANSACTION /*application='Demo'*/[0m
  [1m[36mReport Create (0.6ms)[0m  [1m[32mINSERT INTO "reports" ("title", "project_id", "requested_by_id", "approved_by_id", "approved_at", "created_at", "updated_at") VALUES ('Q4 forecast', 1, 2, NULL, NULL, '2026-07-10 17:18:13.952856', '2026-07-10 17:18:13.952856') RETURNING "id" /*application='Demo'*/[0m
  [1m[36mTRANSACTION (0.0ms)[0m  [1m[35mCOMMIT TRANSACTION /*application='Demo'*/[0m
  [1m[36mReport Load (0.0ms)[0m  [1m[34mSELECT "reports".* FROM "reports" WHERE "reports"."title" = 'Zephyr kickoff' AND "reports"."project_id" = 2 AND "reports"."requested_by_id" = 3 LIMIT 1 /*application='Demo'*/[0m
  [1m[36mTRANSACTION (0.0ms)[0m  [1m[35mBEGIN immediate TRANSACTION /*application='Demo'*/[0m
  [1m[36mReport Create (0.6ms)[0m  [1m[32mINSERT INTO "reports" ("title", "project_id", "requested_by_id", "approved_by_id", "approved_at", "created_at", "updated_at") VALUES ('Zephyr kickoff', 2, 3, NULL, NULL, '2026-07-10 17:18:13.954967', '2026-07-10 17:18:13.954967') RETURNING "id" /*application='Demo'*/[0m
  [1m[36mTRANSACTION (0.0ms)[0m  [1m[35mCOMMIT TRANSACTION /*application='Demo'*/[0m
  [1m[36mCurrentScope::ScopedRoleAssignment Load (0.0ms)[0m  [1m[34mSELECT "current_scope_scoped_role_assignments".* FROM "current_scope_scoped_role_assignments" WHERE "current_scope_scoped_role_assignments"."subject_type" = 'User' AND "current_scope_scoped_role_assignments"."subject_id" = 4 AND "current_scope_scoped_role_assignments"."role_id" = 5 AND "current_scope_scoped_role_assignments"."resource_type" = 'Report' AND "current_scope_scoped_role_assignments"."resource_id" = 1 LIMIT 1 /*application='Demo'*/[0m
  [1m[36mTRANSACTION (0.0ms)[0m  [1m[35mBEGIN immediate TRANSACTION /*application='Demo'*/[0m
  [1m[36mCurrentScope::ScopedRoleAssignment Exists? (0.0ms)[0m  [1m[34mSELECT 1 AS one FROM "current_scope_scoped_role_assignments" WHERE "current_scope_scoped_role_assignments"."role_id" = 5 AND "current_scope_scoped_role_assignments"."subject_type" = 'User' AND "current_scope_scoped_role_assignments"."subject_id" = 4 AND "current_scope_scoped_role_assignments"."resource_type" = 'Report' AND "current_scope_scoped_role_assignments"."resource_id" = 1 LIMIT 1 /*application='Demo'*/[0m
  [1m[36mCurrentScope::ScopedRoleAssignment Create (0.1ms)[0m  [1m[32mINSERT INTO "current_scope_scoped_role_assignments" ("subject_type", "subject_id", "role_id", "resource_type", "resource_id", "created_at", "updated_at") VALUES ('User', 4, 5, 'Report', 1, '2026-07-10 17:18:13.962948', '2026-07-10 17:18:13.962948') RETURNING "id" /*application='Demo'*/[0m
  [1m[36mTRANSACTION (0.1ms)[0m  [1m[35mCOMMIT TRANSACTION /*application='Demo'*/[0m
  [1m[36mActiveRecord::SchemaMigration Load (0.0ms)[0m  [1m[34mSELECT "schema_migrations"."version" FROM "schema_migrations" ORDER BY "schema_migrations"."version" ASC /*application='Demo'*/[0m
  [1m[36mUser Load (0.1ms)[0m  [1m[34mSELECT "users".* FROM "users" WHERE "users"."email_address" = 'owner@example.com' LIMIT 1 /*application='Demo'*/[0m
  [1m[36mUser Load (0.0ms)[0m  [1m[34mSELECT "users".* FROM "users" WHERE "users"."email_address" = 'reviewer@example.com' LIMIT 1 /*application='Demo'*/[0m
  [1m[36mUser Load (0.0ms)[0m  [1m[34mSELECT "users".* FROM "users" WHERE "users"."email_address" = 'member@example.com' LIMIT 1 /*application='Demo'*/[0m
  [1m[36mUser Load (0.0ms)[0m  [1m[34mSELECT "users".* FROM "users" WHERE "users"."email_address" = 'scoped@example.com' LIMIT 1 /*application='Demo'*/[0m
  [1m[36mCurrentScope::Role Load (0.0ms)[0m  [1m[34mSELECT "current_scope_roles".* FROM "current_scope_roles" WHERE "current_scope_roles"."name" = 'Owner' LIMIT 1 /*application='Demo'*/[0m
  [1m[36mCurrentScope::Role Load (0.0ms)[0m  [1m[34mSELECT "current_scope_roles".* FROM "current_scope_roles" WHERE "current_scope_roles"."name" = 'Member' LIMIT 1 /*application='Demo'*/[0m
  [1m[36mCACHE CurrentScope::Role Load (0.0ms)[0m  [1m[34mSELECT "current_scope_roles".* FROM "current_scope_roles" WHERE "current_scope_roles"."name" = 'Owner' LIMIT 1[0m
  [1m[36mCACHE CurrentScope::Role Load (0.0ms)[0m  [1m[34mSELECT "current_scope_roles".* FROM "current_scope_roles" WHERE "current_scope_roles"."name" = 'Member' LIMIT 1[0m
  [1m[36mTRANSACTION (0.0ms)[0m  [1m[35mBEGIN immediate TRANSACTION /*application='Demo'*/[0m
  [1m[36mCurrentScope::RolePermission Delete All (0.4ms)[0m  [1m[31mDELETE FROM "current_scope_role_permissions" WHERE "current_scope_role_permissions"."role_id" = 2 /*application='Demo'*/[0m
  [1m[36mCurrentScope::RolePermission Bulk Insert (0.1ms)[0m  [1m[32mINSERT INTO "current_scope_role_permissions" ("permission_key","role_id") VALUES ('projects#index', 2), ('projects#show', 2), ('reports#index', 2), ('reports#show', 2), ('reports#new', 2), ('reports#create', 2) ON CONFLICT  DO NOTHING RETURNING "id" /*application='Demo'*/[0m
  [1m[36mTRANSACTION (0.0ms)[0m  [1m[35mCOMMIT TRANSACTION /*application='Demo'*/[0m
  [1m[36mCurrentScope::Role Load (0.0ms)[0m  [1m[34mSELECT "current_scope_roles".* FROM "current_scope_roles" WHERE "current_scope_roles"."name" = 'Reviewer' LIMIT 1 /*application='Demo'*/[0m
  [1m[36mCurrentScope::RolePermission Pluck (0.0ms)[0m  [1m[34mSELECT "current_scope_role_permissions"."permission_key" FROM "current_scope_role_permissions" WHERE "current_scope_role_permissions"."role_id" = 2 /*application='Demo'*/[0m
  [1m[36mTRANSACTION (0.0ms)[0m  [1m[35mBEGIN immediate TRANSACTION /*application='Demo'*/[0m
  [1m[36mCurrentScope::RolePermission Delete All (0.4ms)[0m  [1m[31mDELETE FROM "current_scope_role_permissions" WHERE "current_scope_role_permissions"."role_id" = 3 /*application='Demo'*/[0m
  [1m[36mCurrentScope::RolePermission Bulk Insert (0.1ms)[0m  [1m[32mINSERT INTO "current_scope_role_permissions" ("permission_key","role_id") VALUES ('projects#index', 3), ('projects#show', 3), ('reports#create', 3), ('reports#index', 3), ('reports#new', 3), ('reports#show', 3), ('reports#approve', 3) ON CONFLICT  DO NOTHING RETURNING "id" /*application='Demo'*/[0m
  [1m[36mTRANSACTION (0.0ms)[0m  [1m[35mCOMMIT TRANSACTION /*application='Demo'*/[0m
  [1m[36mCurrentScope::Role Load (0.0ms)[0m  [1m[34mSELECT "current_scope_roles".* FROM "current_scope_roles" WHERE "current_scope_roles"."name" = 'Lister' LIMIT 1 /*application='Demo'*/[0m
  [1m[36mTRANSACTION (0.0ms)[0m  [1m[35mBEGIN immediate TRANSACTION /*application='Demo'*/[0m
  [1m[36mCurrentScope::RolePermission Delete All (0.4ms)[0m  [1m[31mDELETE FROM "current_scope_role_permissions" WHERE "current_scope_role_permissions"."role_id" = 4 /*application='Demo'*/[0m
  [1m[36mCurrentScope::RolePermission Bulk Insert (0.1ms)[0m  [1m[32mINSERT INTO "current_scope_role_permissions" ("permission_key","role_id") VALUES ('projects#index', 4), ('reports#index', 4) ON CONFLICT  DO NOTHING RETURNING "id" /*application='Demo'*/[0m
  [1m[36mTRANSACTION (0.0ms)[0m  [1m[35mCOMMIT TRANSACTION /*application='Demo'*/[0m
  [1m[36mCurrentScope::Role Load (0.0ms)[0m  [1m[34mSELECT "current_scope_roles".* FROM "current_scope_roles" WHERE "current_scope_roles"."name" = 'Viewer' LIMIT 1 /*application='Demo'*/[0m
  [1m[36mTRANSACTION (0.0ms)[0m  [1m[35mBEGIN immediate TRANSACTION /*application='Demo'*/[0m
  [1m[36mCurrentScope::RolePermission Delete All (0.4ms)[0m  [1m[31mDELETE FROM "current_scope_role_permissions" WHERE "current_scope_role_permissions"."role_id" = 5 /*application='Demo'*/[0m
  [1m[36mCurrentScope::RolePermission Insert (0.0ms)[0m  [1m[32mINSERT INTO "current_scope_role_permissions" ("permission_key","role_id") VALUES ('reports#show', 5) ON CONFLICT  DO NOTHING RETURNING "id" /*application='Demo'*/[0m
  [1m[36mTRANSACTION (0.0ms)[0m  [1m[35mCOMMIT TRANSACTION /*application='Demo'*/[0m
  [1m[36mCurrentScope::RoleAssignment Load (0.1ms)[0m  [1m[34mSELECT "current_scope_role_assignments".* FROM "current_scope_role_assignments" WHERE "current_scope_role_assignments"."subject_type" = 'User' AND "current_scope_role_assignments"."subject_id" = 1 LIMIT 1 /*application='Demo'*/[0m
  [1m[36mCurrentScope::RoleAssignment Load (0.1ms)[0m  [1m[34mSELECT "current_scope_role_assignments".* FROM "current_scope_role_assignments" WHERE "current_scope_role_assignments"."subject_type" = 'User' AND "current_scope_role_assignments"."subject_id" = 2 LIMIT 1 /*application='Demo'*/[0m
  [1m[36mCurrentScope::RoleAssignment Load (0.0ms)[0m  [1m[34mSELECT "current_scope_role_assignments".* FROM "current_scope_role_assignments" WHERE "current_scope_role_assignments"."subject_type" = 'User' AND "current_scope_role_assignments"."subject_id" = 3 LIMIT 1 /*application='Demo'*/[0m
  [1m[36mCurrentScope::RoleAssignment Load (0.0ms)[0m  [1m[34mSELECT "current_scope_role_assignments".* FROM "current_scope_role_assignments" WHERE "current_scope_role_assignments"."subject_type" = 'User' AND "current_scope_role_assignments"."subject_id" = 4 LIMIT 1 /*application='Demo'*/[0m
  [1m[36mProject Load (0.0ms)[0m  [1m[34mSELECT "projects".* FROM "projects" WHERE "projects"."name" = 'Apollo' LIMIT 1 /*application='Demo'*/[0m
  [1m[36mProject Load (0.0ms)[0m  [1m[34mSELECT "projects".* FROM "projects" WHERE "projects"."name" = 'Zephyr' LIMIT 1 /*application='Demo'*/[0m
  [1m[36mReport Load (0.0ms)[0m  [1m[34mSELECT "reports".* FROM "reports" WHERE "reports"."title" = 'Q3 budget' AND "reports"."project_id" = 1 AND "reports"."requested_by_id" = 3 LIMIT 1 /*application='Demo'*/[0m
  [1m[36mReport Load (0.0ms)[0m  [1m[34mSELECT "reports".* FROM "reports" WHERE "reports"."title" = 'Q4 forecast' AND "reports"."project_id" = 1 AND "reports"."requested_by_id" = 2 LIMIT 1 /*application='Demo'*/[0m
  [1m[36mReport Load (0.0ms)[0m  [1m[34mSELECT "reports".* FROM "reports" WHERE "reports"."title" = 'Zephyr kickoff' AND "reports"."project_id" = 2 AND "reports"."requested_by_id" = 3 LIMIT 1 /*application='Demo'*/[0m
  [1m[36mCurrentScope::ScopedRoleAssignment Load (0.0ms)[0m  [1m[34mSELECT "current_scope_scoped_role_assignments".* FROM "current_scope_scoped_role_assignments" WHERE "current_scope_scoped_role_assignments"."subject_type" = 'User' AND "current_scope_scoped_role_assignments"."subject_id" = 4 AND "current_scope_scoped_role_assignments"."role_id" = 5 AND "current_scope_scoped_role_assignments"."resource_type" = 'Report' AND "current_scope_scoped_role_assignments"."resource_id" = 1 LIMIT 1 /*application='Demo'*/[0m
